\BOOKMARK [1][-]{section.1}{\376\377\302\344\325\330\272\251\310\001}{}% 1
\BOOKMARK [1][-]{section.2}{\376\377\302\344\325\330\306\320\271\254}{}% 2
\BOOKMARK [2][-]{subsection.2.1}{\376\377\315\134\254\340\310\020\000\040\261\222\307\164\000,\000\040\000y\000m\000a\000x}{section.2}% 3
\BOOKMARK [2][-]{subsection.2.2}{\376\377\302\030\323\311\000\040\263\304\262\354\000\040\254\160\271\254\000,\000\040\000R}{section.2}% 4
\BOOKMARK [2][-]{subsection.2.3}{\376\377\323\354\300\254\314\264\307\130\000\040\315\010\256\060\000\040\301\215\263\304\000,\000\040\000v\0000}{section.2}% 5
\BOOKMARK [1][-]{section.3}{\376\377\302\344\325\330\307\245\316\130\000\040\274\017\000\040\274\051\274\225}{}% 6
\BOOKMARK [2][-]{subsection.3.1}{\376\377\305\355\325\131\000\040\302\344\325\330\307\245\316\130}{section.3}% 7
\BOOKMARK [2][-]{subsection.3.2}{\376\377\301\074\301\034\000\040\302\344\325\330\307\245\316\130}{section.3}% 8
\BOOKMARK [2][-]{subsection.3.3}{\376\377\302\344\325\330\000\040\274\051\274\225}{section.3}% 9
\BOOKMARK [3][-]{subsubsection.3.3.1}{\376\377\302\344\325\330\000\040\307\245\316\130\000\040\255\154\301\061}{subsection.3.3}% 10
\BOOKMARK [3][-]{subsubsection.3.3.2}{\376\377\301\074\301\034\306\100\000\040\316\241\302\244\321\244\000\040\325\004\270\134\255\370\267\250\000\040\301\044\310\025}{subsection.3.3}% 11
\BOOKMARK [3][-]{subsubsection.3.3.3}{\376\377\274\370\000\040\302\344\325\330}{subsection.3.3}% 12
\BOOKMARK [1][-]{section.4}{\376\377\302\344\325\330\000\040\254\260\254\374\000\040\274\017\000\040\275\204\301\035}{}% 13
\BOOKMARK [1][-]{section.5}{\376\377\302\344\325\330\000\040\254\340\314\060}{}% 14
\BOOKMARK [2][-]{subsection.5.1}{\376\377\254\340\314\060\311\310\273\070\000:\000\040\255\120\302\030\254\000\000\040\310\034\302\334\325\130\262\224\000\040\273\070\310\034\305\320\000\040\262\365\325\130\256\060}{section.5}% 15
\BOOKMARK [3][-]{subsubsection.5.1.1}{\376\377\254\001\263\304\305\320\000\040\265\060\271\170\000\040\276\104\325\211\302\334\254\004\000\040\000t\000r\306\100\000\040\276\104\325\211\254\160\271\254\000\040\000R\271\174\000\040\255\370\267\230\325\004\270\134\000\040\255\370\270\044\000\040\274\364\301\070\306\224}{subsection.5.1}% 16
\BOOKMARK [3][-]{subsubsection.5.1.2}{\376\377\274\034\300\254\254\001\307\164\000\040\0003\0000\307\170\000\040\254\275\306\260\306\100\000\040\0006\0000\307\170\000\040\254\275\306\260\307\130\000\040\263\304\262\354\254\160\271\254\254\000\000\040\254\031\307\100\254\000\000?\000\040\262\344\271\164\262\344\272\164\000\040\262\344\271\170\000\040\307\164\307\040\262\224\000\040\273\064\305\307\307\170\254\000\000?}{subsection.5.1}% 17
\BOOKMARK [3][-]{subsubsection.5.1.3}{\376\377\263\304\262\354\254\160\271\254\254\000\000\040\315\134\263\000\307\170\000\040\274\034\300\254\254\001\307\100\000\040\305\274\271\310\307\170\254\000\000?\000\050\307\164\254\203\307\100\000\040\315\010\256\060\000\040\274\034\300\254\000\040\261\222\307\164\305\320\000\040\265\060\267\174\000\040\262\354\267\174\311\300\262\224\311\300\000\040\300\264\323\264\274\364\301\070\306\224\000\051}{subsection.5.1}% 18
\BOOKMARK [2][-]{subsection.5.2}{\376\377\306\044\314\050\306\320\307\170\000:}{section.5}% 19
\BOOKMARK [2][-]{subsection.5.3}{\376\377\302\344\325\330\307\104\000\040\321\265\325\164\000\040\274\060\306\260\254\214\000\040\264\034\000\040\254\203}{section.5}% 20
\BOOKMARK [2][-]{subsection.5.4}{\376\377\302\344\325\330\306\320\271\254\307\130\000\040\302\344\300\335\326\134\305\320\301\034\307\130\000\040\306\010}{section.5}% 21
